<?xml version="1.0" encoding="UTF-8"?>
<!-- Generated by org.testng.reporters.JUnitReportReporter -->
<testsuite hostname="LAPTOP-GU9UD6HI" failures="1" tests="1" name="cucumber.TestRunner" time="8.255" errors="0" timestamp="2024-01-19T17:03:29 IST" skipped="0">
  <testcase classname="cucumber.TestRunner" name="runScenario" time="8.255">
    <failure message="expected [true] but found [false]" type="java.lang.AssertionError">
      <![CDATA[java.lang.AssertionError: expected [true] but found [false]
at org.testng.Assert.fail(Assert.java:111)
at org.testng.Assert.failNotEquals(Assert.java:1578)
at org.testng.Assert.assertTrue(Assert.java:57)
at org.testng.Assert.assertTrue(Assert.java:67)
at rahulshettyacademy.stepDefinition.stepDefinitionimple.Checkout_and_submit_the_order(stepDefinitionimple.java:45)
at âœ½.Checkout ZARA COAT 3 and submit the order(file:///C:/Users/prathik%20R/eclipse-workspace/SeleniumFrameDesign/src/test/java/cucumber/SubmitOrder.feature:32)
]]>
    </failure>
  </testcase> <!-- runScenario -->
</testsuite> <!-- cucumber.TestRunner -->
